/!\ FAILSAFE /!\  Sun Oct 28 22:22:22 +0400 2012
  Status: 500 Internal Server Error
  no such file to load -- sqlite3
    /usr/lib/ruby/vendor_ruby/1.8/rubygems/custom_require.rb:36:in `gem_original_require'
    /usr/lib/ruby/vendor_ruby/1.8/rubygems/custom_require.rb:36:in `require'
    /usr/lib/ruby/vendor_ruby/active_support/dependencies.rb:182:in `require'
    /usr/lib/ruby/vendor_ruby/active_support/dependencies.rb:547:in `new_constants_in'
    /usr/lib/ruby/vendor_ruby/active_support/dependencies.rb:182:in `require'
    /usr/lib/ruby/vendor_ruby/active_support/core_ext/kernel/requires.rb:7:in `require_library_or_gem'
    /usr/lib/ruby/vendor_ruby/active_support/core_ext/kernel/reporting.rb:11:in `silence_warnings'
    /usr/lib/ruby/vendor_ruby/active_support/core_ext/kernel/requires.rb:5:in `require_library_or_gem'
    /usr/lib/ruby/vendor_ruby/active_record/connection_adapters/sqlite3_adapter.rb:10:in `sqlite3_connection'
    /usr/lib/ruby/vendor_ruby/active_record/connection_adapters/abstract/connection_pool.rb:223:in `send'
    /usr/lib/ruby/vendor_ruby/active_record/connection_adapters/abstract/connection_pool.rb:223:in `new_connection'
    /usr/lib/ruby/vendor_ruby/active_record/connection_adapters/abstract/connection_pool.rb:245:in `checkout_new_connection'
    /usr/lib/ruby/vendor_ruby/active_record/connection_adapters/abstract/connection_pool.rb:188:in `checkout'
    /usr/lib/ruby/vendor_ruby/active_record/connection_adapters/abstract/connection_pool.rb:184:in `loop'
    /usr/lib/ruby/vendor_ruby/active_record/connection_adapters/abstract/connection_pool.rb:184:in `checkout'
    /usr/lib/ruby/1.8/monitor.rb:242:in `synchronize'
    /usr/lib/ruby/vendor_ruby/active_record/connection_adapters/abstract/connection_pool.rb:183:in `checkout'
    /usr/lib/ruby/vendor_ruby/active_record/connection_adapters/abstract/connection_pool.rb:98:in `connection'
    /usr/lib/ruby/vendor_ruby/active_record/connection_adapters/abstract/connection_pool.rb:326:in `retrieve_connection'
    /usr/lib/ruby/vendor_ruby/active_record/connection_adapters/abstract/connection_specification.rb:117:in `retrieve_connection'
    /usr/lib/ruby/vendor_ruby/active_record/connection_adapters/abstract/connection_specification.rb:109:in `connection'
    /usr/lib/ruby/vendor_ruby/active_record/query_cache.rb:9:in `cache'
    /usr/lib/ruby/vendor_ruby/active_record/query_cache.rb:28:in `call'
    /usr/lib/ruby/vendor_ruby/active_record/connection_adapters/abstract/connection_pool.rb:361:in `call'
    /usr/lib/ruby/vendor_ruby/action_controller/string_coercion.rb:25:in `call'
    /usr/lib/ruby/vendor_ruby/rack/head.rb:9:in `call'
    /usr/lib/ruby/vendor_ruby/rack/methodoverride.rb:24:in `call'
    /usr/lib/ruby/vendor_ruby/action_controller/params_parser.rb:15:in `call'
    /usr/lib/ruby/vendor_ruby/action_controller/session/cookie_store.rb:99:in `call'
    /usr/lib/ruby/vendor_ruby/action_controller/failsafe.rb:26:in `call'
    /usr/lib/ruby/vendor_ruby/rack/lock.rb:15:in `call'
    /usr/lib/ruby/vendor_ruby/action_controller/dispatcher.rb:114:in `call'
    /usr/lib/ruby/vendor_ruby/action_controller/reloader.rb:34:in `run'
    /usr/lib/ruby/vendor_ruby/action_controller/dispatcher.rb:108:in `call'
    /usr/lib/ruby/vendor_ruby/rails/rack/static.rb:31:in `call'
    /usr/lib/ruby/vendor_ruby/rack/urlmap.rb:52:in `call'
    /usr/lib/ruby/vendor_ruby/rack/urlmap.rb:46:in `each'
    /usr/lib/ruby/vendor_ruby/rack/urlmap.rb:46:in `call'
    /usr/lib/ruby/vendor_ruby/rails/rack/log_tailer.rb:17:in `call'
    /usr/lib/ruby/vendor_ruby/rack/handler/webrick.rb:59:in `service'
    /usr/lib/ruby/1.8/webrick/httpserver.rb:104:in `service'
    /usr/lib/ruby/1.8/webrick/httpserver.rb:65:in `run'
    /usr/lib/ruby/1.8/webrick/server.rb:173:in `start_thread'
    /usr/lib/ruby/1.8/webrick/server.rb:162:in `start'
    /usr/lib/ruby/1.8/webrick/server.rb:162:in `start_thread'
    /usr/lib/ruby/1.8/webrick/server.rb:95:in `start'
    /usr/lib/ruby/1.8/webrick/server.rb:92:in `each'
    /usr/lib/ruby/1.8/webrick/server.rb:92:in `start'
    /usr/lib/ruby/1.8/webrick/server.rb:23:in `start'
    /usr/lib/ruby/1.8/webrick/server.rb:82:in `start'
    /usr/lib/ruby/vendor_ruby/rack/handler/webrick.rb:13:in `run'
    /home/max/rails_projects/first_app/vendor/rails/railties/lib/commands/server.rb:111
    /usr/lib/ruby/vendor_ruby/1.8/rubygems/custom_require.rb:36:in `gem_original_require'
    /usr/lib/ruby/vendor_ruby/1.8/rubygems/custom_require.rb:36:in `require'
    script/server:3


Processing Rails::InfoController#properties (for 127.0.0.1 at 2012-10-29 15:35:59) [GET]
  [4;36;1mSQL (3.3ms)[0m   [0;1m SELECT name
 FROM sqlite_master
 WHERE type = 'table' AND NOT name = 'sqlite_sequence'
[0m
Completed in 179ms (View: 15, DB: 3) | 200 OK [http://localhost/rails/info/properties]
